报告已保存: /root/.openclaw/workspace/校招情报站/reports/report_20260509.txt

==================================================
🎓 澳科大视传2026届 · 每日校招情报
📅 2026年05月09日 周六

━━━━━━━━━━━━━━━━━━━━━━
🔥 今日推荐（6个精选岗位）

1. 【飞亚达】产品设计师
   📍 深圳  |  💰 面议  |  ⏰ 持续
   💡 国有控股上市公司，工业设计方向
   👉 https://cug.91wllm.cn/campus/view/id/995051

2. 【博琭教育】设计实习生
   📍 上海  |  💰 面议  |  ⏰ 滚动
   💡 实习可转正，互联网教育
   👉 https://m.yingjiesheng.com/h.php?word=视觉传达设计

3. 【韶音科技】视觉设计管培生
   📍 深圳  |  💰 面议  |  ⏰ 2026-05-04
   💡 全球运动耳机第一品牌，海外市场
   👉 https://www.wondercv.com/xiaozhao/shokz-2026-spring-shenzhen-overseas-8359-8aad6b/

4. 【雷士照明】研发方向-工业设计
   📍 惠州  |  💰 面议  |  ⏰ 青苗计划
   💡 青苗计划，面向未来3-5年人才储备
   👉 https://m.bysjy.com.cn/student/chance/onlinerecruitmentdetail.html?token=yxqqnn2600000011&type=0&recruitment_id=3503848

5. 【珠海格力】工业设计/平面设计
   📍 珠海  |  💰 面议  |  ⏰ 秋招
   💡 珠海，世界500强
   👉 https://www.must.edu.mo/cecp/student

6. 【千里目教育】平面设计岗
   📍 未注明  |  💰 8K-13K/月  |  ⏰ 滚动招聘
   💡 品牌视觉体系构建，高薪+年终奖
   👉 https://jdjyw.jlu.edu.cn/mportal/recruit/details?id=680d1ecc74254ea58d618857c382a3ce

━━━━━━━━━━━━━━━━━━━━━━
🌉 大湾区专场（9家企业）
• 韶音科技 · 视觉设计管培生 · 深圳
• 诗悦网络 · 平面设计 / UI设计 · 广州
• 深圳酷阳电子 · 视觉设计师 · 深圳
• 雷士照明 · 研发方向-工业设计 · 惠州
• 飞亚达 · 产品设计师 · 深圳

━━━━━━━━━━━━━━━━━━━━━━
⏰ 截止提醒（9个）
• 韶音科技 · 截止 2026-05-04
• 瑞幸咖啡 · 截止 尽快投递
• 上海禾赛智能 · 截止 尽快投递
• 深圳酷阳电子 · 截止 尽快投递
• 洲明科技 · 截止 滚动
• 杭州千艺文化 · 截止 滚动
• 武汉智能硬件 · 截止 2026-06-30
• 博琭教育 · 截止 滚动
• 广东融泰药业 · 截止 滚动

━━━━━━━━━━━━━━━━━━━━━━
💡 今日求职提示
作品集首屏放最强项目，控制在20页以内
━━━━━━━━━━━━━━━━━━━━━━
📬 投递平台推荐
① 应届生求职网 yingjiesheng.com
② 牛客网 nowcoder.com
③ 智联招聘 zhaopin.com
④ 猎聘 liepin.com
⑤ 澳科大就业网 must.edu.mo/cecp/student

📊 数据仅供参考，请以企业官网为准
💻 完整岗位列表：https://校招情报站（本地网站）

==================================================
报告已保存: /root/.openclaw/workspace/校招情报站/reports/report_20260510.txt

==================================================
🎓 澳科大视传2026届 · 每日校招情报
📅 2026年05月10日 周日

━━━━━━━━━━━━━━━━━━━━━━
🔥 今日推荐（6个精选岗位）

1. 【广东融泰药业】电商视觉设计实习生
   📍 广州  |  💰 面议  |  ⏰ 滚动
   💡 电商设计方向
   👉 https://m.yingjiesheng.com/h.php?word=视觉传达设计

2. 【千里目教育】平面设计岗
   📍 未注明  |  💰 8K-13K/月  |  ⏰ 滚动招聘
   💡 品牌视觉体系构建，高薪+年终奖
   👉 https://jdjyw.jlu.edu.cn/mportal/recruit/details?id=680d1ecc74254ea58d618857c382a3ce

3. 【珠海格力】工业设计/平面设计
   📍 珠海  |  💰 面议  |  ⏰ 秋招
   💡 珠海，世界500强
   👉 https://www.must.edu.mo/cecp/student

4. 【洲明科技】品牌营销/工业设计
   📍 深圳/澳门  |  💰 面议  |  ⏰ 滚动
   💡 LED显示屏全球第一，澳门有岗
   👉 https://unilumin.zhiye.com/Campus

5. 【深圳酷阳电子】视觉设计师
   📍 深圳  |  💰 面议  |  ⏰ 尽快投递
   💡 跨境电商视觉设计
   👉 https://m.yingjiesheng.com/h.php?word=视觉传达设计

6. 【雷士照明】研发方向-工业设计
   📍 惠州  |  💰 面议  |  ⏰ 青苗计划
   💡 青苗计划，面向未来3-5年人才储备
   👉 https://m.bysjy.com.cn/student/chance/onlinerecruitmentdetail.html?token=yxqqnn2600000011&type=0&recruitment_id=3503848

━━━━━━━━━━━━━━━━━━━━━━
🌉 大湾区专场（9家企业）
• 韶音科技 · 视觉设计管培生 · 深圳
• 诗悦网络 · 平面设计 / UI设计 · 广州
• 深圳酷阳电子 · 视觉设计师 · 深圳
• 雷士照明 · 研发方向-工业设计 · 惠州
• 飞亚达 · 产品设计师 · 深圳

━━━━━━━━━━━━━━━━━━━━━━
⏰ 截止提醒（9个）
• 韶音科技 · 截止 2026-05-04
• 瑞幸咖啡 · 截止 尽快投递
• 上海禾赛智能 · 截止 尽快投递
• 深圳酷阳电子 · 截止 尽快投递
• 洲明科技 · 截止 滚动
• 杭州千艺文化 · 截止 滚动
• 武汉智能硬件 · 截止 2026-06-30
• 博琭教育 · 截止 滚动
• 广东融泰药业 · 截止 滚动

━━━━━━━━━━━━━━━━━━━━━━
💡 今日求职提示
设计岗务必附作品集链接或附件
━━━━━━━━━━━━━━━━━━━━━━
📬 投递平台推荐
① 应届生求职网 yingjiesheng.com
② 牛客网 nowcoder.com
③ 智联招聘 zhaopin.com
④ 猎聘 liepin.com
⑤ 澳科大就业网 must.edu.mo/cecp/student

📊 数据仅供参考，请以企业官网为准
💻 完整岗位列表：https://校招情报站（本地网站）

==================================================
报告已保存: /root/.openclaw/workspace/校招情报站/reports/report_20260511.txt

==================================================
🎓 澳科大视传2026届 · 每日校招情报
📅 2026年05月11日 周一

━━━━━━━━━━━━━━━━━━━━━━
🔥 今日推荐（6个精选岗位）

1. 【洲明科技】品牌营销/工业设计
   📍 深圳/澳门  |  💰 面议  |  ⏰ 滚动
   💡 LED显示屏全球第一，澳门有岗
   👉 https://unilumin.zhiye.com/Campus

2. 【瑞幸咖啡】AI设计师
   📍 北京  |  💰 面议  |  ⏰ 尽快投递
   💡 咖啡连锁头部品牌，AI辅助设计方向
   👉 https://m.yingjiesheng.com/h.php?word=视觉传达设计

3. 【珠海格力】工业设计/平面设计
   📍 珠海  |  💰 面议  |  ⏰ 秋招
   💡 珠海，世界500强
   👉 https://www.must.edu.mo/cecp/student

4. 【千里目教育】平面设计岗
   📍 未注明  |  💰 8K-13K/月  |  ⏰ 滚动招聘
   💡 品牌视觉体系构建，高薪+年终奖
   👉 https://jdjyw.jlu.edu.cn/mportal/recruit/details?id=680d1ecc74254ea58d618857c382a3ce

5. 【杭州千艺文化】品牌设计/平面设计
   📍 杭州  |  💰 面议  |  ⏰ 滚动
   💡 文创产业发达
   👉 https://m.yingjiesheng.com/h.php?word=视觉传达设计

6. 【上海禾赛智能】平面设计师
   📍 上海  |  💰 面议  |  ⏰ 尽快投递
   💡 激光雷达科技公司，品牌/展会设计
   👉 https://m.yingjiesheng.com/h.php?word=视觉传达设计

━━━━━━━━━━━━━━━━━━━━━━
🌉 大湾区专场（9家企业）
• 韶音科技 · 视觉设计管培生 · 深圳
• 诗悦网络 · 平面设计 / UI设计 · 广州
• 深圳酷阳电子 · 视觉设计师 · 深圳
• 雷士照明 · 研发方向-工业设计 · 惠州
• 飞亚达 · 产品设计师 · 深圳

━━━━━━━━━━━━━━━━━━━━━━
⏰ 截止提醒（9个）
• 韶音科技 · 截止 2026-05-04
• 瑞幸咖啡 · 截止 尽快投递
• 上海禾赛智能 · 截止 尽快投递
• 深圳酷阳电子 · 截止 尽快投递
• 洲明科技 · 截止 滚动
• 杭州千艺文化 · 截止 滚动
• 武汉智能硬件 · 截止 2026-06-30
• 博琭教育 · 截止 滚动
• 广东融泰药业 · 截止 滚动

━━━━━━━━━━━━━━━━━━━━━━
💡 今日求职提示
设计岗务必附作品集链接或附件
━━━━━━━━━━━━━━━━━━━━━━
📬 投递平台推荐
① 应届生求职网 yingjiesheng.com
② 牛客网 nowcoder.com
③ 智联招聘 zhaopin.com
④ 猎聘 liepin.com
⑤ 澳科大就业网 must.edu.mo/cecp/student

📊 数据仅供参考，请以企业官网为准
💻 完整岗位列表：https://校招情报站（本地网站）

==================================================
报告已保存: /root/.openclaw/workspace/校招情报站/reports/report_20260512.txt

==================================================
🎓 澳科大视传2026届 · 每日校招情报
📅 2026年05月12日 周二

━━━━━━━━━━━━━━━━━━━━━━
🔥 今日推荐（6个精选岗位）

1. 【瑞幸咖啡】AI设计师
   📍 北京  |  💰 面议  |  ⏰ 尽快投递
   💡 咖啡连锁头部品牌，AI辅助设计方向
   👉 https://m.yingjiesheng.com/h.php?word=视觉传达设计

2. 【韶音科技】视觉设计管培生
   📍 深圳  |  💰 面议  |  ⏰ 2026-05-04
   💡 全球运动耳机第一品牌，海外市场
   👉 https://www.wondercv.com/xiaozhao/shokz-2026-spring-shenzhen-overseas-8359-8aad6b/

3. 【珠海格力】工业设计/平面设计
   📍 珠海  |  💰 面议  |  ⏰ 秋招
   💡 珠海，世界500强
   👉 https://www.must.edu.mo/cecp/student

4. 【博琭教育】设计实习生
   📍 上海  |  💰 面议  |  ⏰ 滚动
   💡 实习可转正，互联网教育
   👉 https://m.yingjiesheng.com/h.php?word=视觉传达设计

5. 【瀛海文化】设计师
   📍 澳门  |  💰 面议  |  ⏰ 全职
   💡 澳门本地，文化公司
   👉 https://www.must.edu.mo/cecp/student

6. 【杭州千艺文化】品牌设计/平面设计
   📍 杭州  |  💰 面议  |  ⏰ 滚动
   💡 文创产业发达
   👉 https://m.yingjiesheng.com/h.php?word=视觉传达设计

━━━━━━━━━━━━━━━━━━━━━━
🌉 大湾区专场（9家企业）
• 韶音科技 · 视觉设计管培生 · 深圳
• 诗悦网络 · 平面设计 / UI设计 · 广州
• 深圳酷阳电子 · 视觉设计师 · 深圳
• 雷士照明 · 研发方向-工业设计 · 惠州
• 飞亚达 · 产品设计师 · 深圳

━━━━━━━━━━━━━━━━━━━━━━
⏰ 截止提醒（9个）
• 韶音科技 · 截止 2026-05-04
• 瑞幸咖啡 · 截止 尽快投递
• 上海禾赛智能 · 截止 尽快投递
• 深圳酷阳电子 · 截止 尽快投递
• 洲明科技 · 截止 滚动
• 杭州千艺文化 · 截止 滚动
• 武汉智能硬件 · 截止 2026-06-30
• 博琭教育 · 截止 滚动
• 广东融泰药业 · 截止 滚动

━━━━━━━━━━━━━━━━━━━━━━
💡 今日求职提示
作品集首屏放最强项目，控制在20页以内
━━━━━━━━━━━━━━━━━━━━━━
📬 投递平台推荐
① 应届生求职网 yingjiesheng.com
② 牛客网 nowcoder.com
③ 智联招聘 zhaopin.com
④ 猎聘 liepin.com
⑤ 澳科大就业网 must.edu.mo/cecp/student

📊 数据仅供参考，请以企业官网为准
💻 完整岗位列表：https://校招情报站（本地网站）

==================================================
报告已保存: /root/.openclaw/workspace/校招情报站/reports/report_20260513.txt

==================================================
🎓 澳科大视传2026届 · 每日校招情报
📅 2026年05月13日 周三

━━━━━━━━━━━━━━━━━━━━━━
🔥 今日推荐（6个精选岗位）

1. 【广东融泰药业】电商视觉设计实习生
   📍 广州  |  💰 面议  |  ⏰ 滚动
   💡 电商设计方向
   👉 https://m.yingjiesheng.com/h.php?word=视觉传达设计

2. 【武汉智能硬件】包装设计师
   📍 武汉  |  💰 面议  |  ⏰ 2026-06-30
   💡 需作品集，插画+三维造型能力
   👉 https://www.nowcoder.com/jobs/detail/444336

3. 【蕉内】品牌视觉设计师
   📍 上海  |  💰 面议  |  ⏰ 招满即止
   💡 新锐服装品牌，视觉传达/服装设计
   👉 https://lsdjyw.lnnu.edu.cn/job/view/id/1213747

4. 【韶音科技】视觉设计管培生
   📍 深圳  |  💰 面议  |  ⏰ 2026-05-04
   💡 全球运动耳机第一品牌，海外市场
   👉 https://www.wondercv.com/xiaozhao/shokz-2026-spring-shenzhen-overseas-8359-8aad6b/

5. 【洲明科技】品牌营销/工业设计
   📍 深圳/澳门  |  💰 面议  |  ⏰ 滚动
   💡 LED显示屏全球第一，澳门有岗
   👉 https://unilumin.zhiye.com/Campus

6. 【博琭教育】设计实习生
   📍 上海  |  💰 面议  |  ⏰ 滚动
   💡 实习可转正，互联网教育
   👉 https://m.yingjiesheng.com/h.php?word=视觉传达设计

━━━━━━━━━━━━━━━━━━━━━━
🌉 大湾区专场（9家企业）
• 韶音科技 · 视觉设计管培生 · 深圳
• 诗悦网络 · 平面设计 / UI设计 · 广州
• 深圳酷阳电子 · 视觉设计师 · 深圳
• 雷士照明 · 研发方向-工业设计 · 惠州
• 飞亚达 · 产品设计师 · 深圳

━━━━━━━━━━━━━━━━━━━━━━
⏰ 截止提醒（9个）
• 韶音科技 · 截止 2026-05-04
• 瑞幸咖啡 · 截止 尽快投递
• 上海禾赛智能 · 截止 尽快投递
• 深圳酷阳电子 · 截止 尽快投递
• 洲明科技 · 截止 滚动
• 杭州千艺文化 · 截止 滚动
• 武汉智能硬件 · 截止 2026-06-30
• 博琭教育 · 截止 滚动
• 广东融泰药业 · 截止 滚动

━━━━━━━━━━━━━━━━━━━━━━
💡 今日求职提示
作品集首屏放最强项目，控制在20页以内
━━━━━━━━━━━━━━━━━━━━━━
📬 投递平台推荐
① 应届生求职网 yingjiesheng.com
② 牛客网 nowcoder.com
③ 智联招聘 zhaopin.com
④ 猎聘 liepin.com
⑤ 澳科大就业网 must.edu.mo/cecp/student

📊 数据仅供参考，请以企业官网为准
💻 完整岗位列表：https://校招情报站（本地网站）

==================================================
报告已保存: /root/.openclaw/workspace/校招情报站/reports/report_20260514.txt

==================================================
🎓 澳科大视传2026届 · 每日校招情报
📅 2026年05月14日 周四

━━━━━━━━━━━━━━━━━━━━━━
🔥 今日推荐（6个精选岗位）

1. 【诗悦网络】平面设计 / UI设计
   📍 广州  |  💰 面议  |  ⏰ 招满即止
   💡 游戏大厂，美术设计类多岗位
   👉 https://www.wondercv.com/xiaozhao/shiyue-network-2026-spring-guangzhou-8810-077eda/

2. 【瀛海文化】设计师
   📍 澳门  |  💰 面议  |  ⏰ 全职
   💡 澳门本地，文化公司
   👉 https://www.must.edu.mo/cecp/student

3. 【上海禾赛智能】平面设计师
   📍 上海  |  💰 面议  |  ⏰ 尽快投递
   💡 激光雷达科技公司，品牌/展会设计
   👉 https://m.yingjiesheng.com/h.php?word=视觉传达设计

4. 【广东融泰药业】电商视觉设计实习生
   📍 广州  |  💰 面议  |  ⏰ 滚动
   💡 电商设计方向
   👉 https://m.yingjiesheng.com/h.php?word=视觉传达设计

5. 【武汉智能硬件】包装设计师
   📍 武汉  |  💰 面议  |  ⏰ 2026-06-30
   💡 需作品集，插画+三维造型能力
   👉 https://www.nowcoder.com/jobs/detail/444336

6. 【深圳酷阳电子】视觉设计师
   📍 深圳  |  💰 面议  |  ⏰ 尽快投递
   💡 跨境电商视觉设计
   👉 https://m.yingjiesheng.com/h.php?word=视觉传达设计

━━━━━━━━━━━━━━━━━━━━━━
🌉 大湾区专场（9家企业）
• 韶音科技 · 视觉设计管培生 · 深圳
• 诗悦网络 · 平面设计 / UI设计 · 广州
• 深圳酷阳电子 · 视觉设计师 · 深圳
• 雷士照明 · 研发方向-工业设计 · 惠州
• 飞亚达 · 产品设计师 · 深圳

━━━━━━━━━━━━━━━━━━━━━━
⏰ 截止提醒（9个）
• 韶音科技 · 截止 2026-05-04
• 瑞幸咖啡 · 截止 尽快投递
• 上海禾赛智能 · 截止 尽快投递
• 深圳酷阳电子 · 截止 尽快投递
• 洲明科技 · 截止 滚动
• 杭州千艺文化 · 截止 滚动
• 武汉智能硬件 · 截止 2026-06-30
• 博琭教育 · 截止 滚动
• 广东融泰药业 · 截止 滚动

━━━━━━━━━━━━━━━━━━━━━━
💡 今日求职提示
港澳学生可关注横琴粤澳合作区岗位
━━━━━━━━━━━━━━━━━━━━━━
📬 投递平台推荐
① 应届生求职网 yingjiesheng.com
② 牛客网 nowcoder.com
③ 智联招聘 zhaopin.com
④ 猎聘 liepin.com
⑤ 澳科大就业网 must.edu.mo/cecp/student

📊 数据仅供参考，请以企业官网为准
💻 完整岗位列表：https://校招情报站（本地网站）

==================================================
报告已保存: /root/.openclaw/workspace/校招情报站/reports/report_20260515.txt

==================================================
🎓 澳科大视传2026届 · 每日校招情报
📅 2026年05月15日 周五

━━━━━━━━━━━━━━━━━━━━━━
🔥 今日推荐（6个精选岗位）

1. 【瑞幸咖啡】AI设计师
   📍 北京  |  💰 面议  |  ⏰ 尽快投递
   💡 咖啡连锁头部品牌，AI辅助设计方向
   👉 https://m.yingjiesheng.com/h.php?word=视觉传达设计

2. 【蕉内】品牌视觉设计师
   📍 上海  |  💰 面议  |  ⏰ 招满即止
   💡 新锐服装品牌，视觉传达/服装设计
   👉 https://lsdjyw.lnnu.edu.cn/job/view/id/1213747

3. 【深圳酷阳电子】视觉设计师
   📍 深圳  |  💰 面议  |  ⏰ 尽快投递
   💡 跨境电商视觉设计
   👉 https://m.yingjiesheng.com/h.php?word=视觉传达设计

4. 【飞亚达】产品设计师
   📍 深圳  |  💰 面议  |  ⏰ 持续
   💡 国有控股上市公司，工业设计方向
   👉 https://cug.91wllm.cn/campus/view/id/995051

5. 【博琭教育】设计实习生
   📍 上海  |  💰 面议  |  ⏰ 滚动
   💡 实习可转正，互联网教育
   👉 https://m.yingjiesheng.com/h.php?word=视觉传达设计

6. 【雷士照明】研发方向-工业设计
   📍 惠州  |  💰 面议  |  ⏰ 青苗计划
   💡 青苗计划，面向未来3-5年人才储备
   👉 https://m.bysjy.com.cn/student/chance/onlinerecruitmentdetail.html?token=yxqqnn2600000011&type=0&recruitment_id=3503848

━━━━━━━━━━━━━━━━━━━━━━
🌉 大湾区专场（9家企业）
• 韶音科技 · 视觉设计管培生 · 深圳
• 诗悦网络 · 平面设计 / UI设计 · 广州
• 深圳酷阳电子 · 视觉设计师 · 深圳
• 雷士照明 · 研发方向-工业设计 · 惠州
• 飞亚达 · 产品设计师 · 深圳

━━━━━━━━━━━━━━━━━━━━━━
⏰ 截止提醒（9个）
• 韶音科技 · 截止 2026-05-04
• 瑞幸咖啡 · 截止 尽快投递
• 上海禾赛智能 · 截止 尽快投递
• 深圳酷阳电子 · 截止 尽快投递
• 洲明科技 · 截止 滚动
• 杭州千艺文化 · 截止 滚动
• 武汉智能硬件 · 截止 2026-06-30
• 博琭教育 · 截止 滚动
• 广东融泰药业 · 截止 滚动

━━━━━━━━━━━━━━━━━━━━━━
💡 今日求职提示
港澳学生可关注横琴粤澳合作区岗位
━━━━━━━━━━━━━━━━━━━━━━
📬 投递平台推荐
① 应届生求职网 yingjiesheng.com
② 牛客网 nowcoder.com
③ 智联招聘 zhaopin.com
④ 猎聘 liepin.com
⑤ 澳科大就业网 must.edu.mo/cecp/student

📊 数据仅供参考，请以企业官网为准
💻 完整岗位列表：https://校招情报站（本地网站）

==================================================
报告已保存: /root/.openclaw/workspace/校招情报站/reports/report_20260516.txt

==================================================
🎓 澳科大视传2026届 · 每日校招情报
📅 2026年05月16日 周六

━━━━━━━━━━━━━━━━━━━━━━
🔥 今日推荐（6个精选岗位）

1. 【蕉内】品牌视觉设计师
   📍 上海  |  💰 面议  |  ⏰ 招满即止
   💡 新锐服装品牌，视觉传达/服装设计
   👉 https://lsdjyw.lnnu.edu.cn/job/view/id/1213747

2. 【珠海格力】工业设计/平面设计
   📍 珠海  |  💰 面议  |  ⏰ 秋招
   💡 珠海，世界500强
   👉 https://www.must.edu.mo/cecp/student

3. 【洲明科技】品牌营销/工业设计
   📍 深圳/澳门  |  💰 面议  |  ⏰ 滚动
   💡 LED显示屏全球第一，澳门有岗
   👉 https://unilumin.zhiye.com/Campus

4. 【千里目教育】平面设计岗
   📍 未注明  |  💰 8K-13K/月  |  ⏰ 滚动招聘
   💡 品牌视觉体系构建，高薪+年终奖
   👉 https://jdjyw.jlu.edu.cn/mportal/recruit/details?id=680d1ecc74254ea58d618857c382a3ce

5. 【深圳酷阳电子】视觉设计师
   📍 深圳  |  💰 面议  |  ⏰ 尽快投递
   💡 跨境电商视觉设计
   👉 https://m.yingjiesheng.com/h.php?word=视觉传达设计

6. 【华与华】品牌设计/文案创意
   📍 上海  |  💰 面议  |  ⏰ 已截止
   💡 顶尖战略营销咨询公司，超级符号方法论
   👉 https://www.nowcoder.com/enterprise/31834?pageSource=5014&channel=recruitmentSchedule

━━━━━━━━━━━━━━━━━━━━━━
🌉 大湾区专场（9家企业）
• 韶音科技 · 视觉设计管培生 · 深圳
• 诗悦网络 · 平面设计 / UI设计 · 广州
• 深圳酷阳电子 · 视觉设计师 · 深圳
• 雷士照明 · 研发方向-工业设计 · 惠州
• 飞亚达 · 产品设计师 · 深圳

━━━━━━━━━━━━━━━━━━━━━━
⏰ 截止提醒（9个）
• 韶音科技 · 截止 2026-05-04
• 瑞幸咖啡 · 截止 尽快投递
• 上海禾赛智能 · 截止 尽快投递
• 深圳酷阳电子 · 截止 尽快投递
• 洲明科技 · 截止 滚动
• 杭州千艺文化 · 截止 滚动
• 武汉智能硬件 · 截止 2026-06-30
• 博琭教育 · 截止 滚动
• 广东融泰药业 · 截止 滚动

━━━━━━━━━━━━━━━━━━━━━━
💡 今日求职提示
投递前确认毕业时间符合要求（2025.9-2026.7）
━━━━━━━━━━━━━━━━━━━━━━
📬 投递平台推荐
① 应届生求职网 yingjiesheng.com
② 牛客网 nowcoder.com
③ 智联招聘 zhaopin.com
④ 猎聘 liepin.com
⑤ 澳科大就业网 must.edu.mo/cecp/student

📊 数据仅供参考，请以企业官网为准
💻 完整岗位列表：https://校招情报站（本地网站）

==================================================
报告已保存: /root/.openclaw/workspace/校招情报站/reports/report_20260517.txt

==================================================
🎓 澳科大视传2026届 · 每日校招情报
📅 2026年05月17日 周日

━━━━━━━━━━━━━━━━━━━━━━
🔥 今日推荐（6个精选岗位）

1. 【瑞幸咖啡】AI设计师
   📍 北京  |  💰 面议  |  ⏰ 尽快投递
   💡 咖啡连锁头部品牌，AI辅助设计方向
   👉 https://m.yingjiesheng.com/h.php?word=视觉传达设计

2. 【雷士照明】研发方向-工业设计
   📍 惠州  |  💰 面议  |  ⏰ 青苗计划
   💡 青苗计划，面向未来3-5年人才储备
   👉 https://m.bysjy.com.cn/student/chance/onlinerecruitmentdetail.html?token=yxqqnn2600000011&type=0&recruitment_id=3503848

3. 【洲明科技】品牌营销/工业设计
   📍 深圳/澳门  |  💰 面议  |  ⏰ 滚动
   💡 LED显示屏全球第一，澳门有岗
   👉 https://unilumin.zhiye.com/Campus

4. 【瀛海文化】设计师
   📍 澳门  |  💰 面议  |  ⏰ 全职
   💡 澳门本地，文化公司
   👉 https://www.must.edu.mo/cecp/student

5. 【广东融泰药业】电商视觉设计实习生
   📍 广州  |  💰 面议  |  ⏰ 滚动
   💡 电商设计方向
   👉 https://m.yingjiesheng.com/h.php?word=视觉传达设计

6. 【华与华】品牌设计/文案创意
   📍 上海  |  💰 面议  |  ⏰ 已截止
   💡 顶尖战略营销咨询公司，超级符号方法论
   👉 https://www.nowcoder.com/enterprise/31834?pageSource=5014&channel=recruitmentSchedule

━━━━━━━━━━━━━━━━━━━━━━
🌉 大湾区专场（9家企业）
• 韶音科技 · 视觉设计管培生 · 深圳
• 诗悦网络 · 平面设计 / UI设计 · 广州
• 深圳酷阳电子 · 视觉设计师 · 深圳
• 雷士照明 · 研发方向-工业设计 · 惠州
• 飞亚达 · 产品设计师 · 深圳

━━━━━━━━━━━━━━━━━━━━━━
⏰ 截止提醒（9个）
• 韶音科技 · 截止 2026-05-04
• 瑞幸咖啡 · 截止 尽快投递
• 上海禾赛智能 · 截止 尽快投递
• 深圳酷阳电子 · 截止 尽快投递
• 洲明科技 · 截止 滚动
• 杭州千艺文化 · 截止 滚动
• 武汉智能硬件 · 截止 2026-06-30
• 博琭教育 · 截止 滚动
• 广东融泰药业 · 截止 滚动

━━━━━━━━━━━━━━━━━━━━━━
💡 今日求职提示
作品集首屏放最强项目，控制在20页以内
━━━━━━━━━━━━━━━━━━━━━━
📬 投递平台推荐
① 应届生求职网 yingjiesheng.com
② 牛客网 nowcoder.com
③ 智联招聘 zhaopin.com
④ 猎聘 liepin.com
⑤ 澳科大就业网 must.edu.mo/cecp/student

📊 数据仅供参考，请以企业官网为准
💻 完整岗位列表：https://校招情报站（本地网站）

==================================================
